2017-02-10 13:40:01.573  INFO 18715 --- [main] com.sashqua.pipeline.Application         : Starting Application on sashqua with PID 18715 (/home/sashqua/workspace/Pipeline/target/classes started by sashqua in /home/sashqua/workspace/Pipeline)
2017-02-10 13:40:01.591  INFO 18715 --- [main] com.sashqua.pipeline.Application         : The following profiles are active: dev
2017-02-10 13:40:01.857  INFO 18715 --- [main] ationConfigEmbeddedWebApplicationContext : Refreshing org.springframework.boot.context.embedded.AnnotationConfigEmbeddedWebApplicationContext@3b35a229: startup date [Fri Feb 10 13:40:01 MSK 2017]; root of context hierarchy
2017-02-10 13:40:05.273  INFO 18715 --- [main] trationDelegate$BeanPostProcessorChecker : Bean 'org.springframework.transaction.annotation.ProxyTransactionManagementConfiguration' of type [class org.springframework.transaction.annotation.ProxyTransactionManagementConfiguration$$EnhancerBySpringCGLIB$$31376e32] is not eligible for getting processed by all BeanPostProcessors (for example: not eligible for auto-proxying)
2017-02-10 13:40:06.153  INFO 18715 --- [main] s.b.c.e.t.TomcatEmbeddedServletContainer : Tomcat initialized with port(s): 8080 (http)
2017-02-10 13:40:06.173  INFO 18715 --- [main] o.apache.catalina.core.StandardService   : Starting service Tomcat
2017-02-10 13:40:06.175  INFO 18715 --- [main] org.apache.catalina.core.StandardEngine  : Starting Servlet Engine: Apache Tomcat/8.5.6
2017-02-10 13:40:06.399  INFO 18715 --- [localhost-startStop-1] o.a.c.c.C.[Tomcat].[localhost].[/]       : Initializing Spring embedded WebApplicationContext
2017-02-10 13:40:06.710  INFO 18715 --- [localhost-startStop-1] o.s.b.w.servlet.ServletRegistrationBean  : Mapping servlet: 'dispatcherServlet' to [/]
2017-02-10 13:40:06.716  INFO 18715 --- [localhost-startStop-1] o.s.b.w.servlet.FilterRegistrationBean   : Mapping filter: 'characterEncodingFilter' to: [/*]
2017-02-10 13:40:06.717  INFO 18715 --- [localhost-startStop-1] o.s.b.w.servlet.FilterRegistrationBean   : Mapping filter: 'hiddenHttpMethodFilter' to: [/*]
2017-02-10 13:40:06.717  INFO 18715 --- [localhost-startStop-1] o.s.b.w.servlet.FilterRegistrationBean   : Mapping filter: 'httpPutFormContentFilter' to: [/*]
2017-02-10 13:40:06.718  INFO 18715 --- [localhost-startStop-1] o.s.b.w.servlet.FilterRegistrationBean   : Mapping filter: 'requestContextFilter' to: [/*]
2017-02-10 13:40:07.281  INFO 18715 --- [main] j.LocalContainerEntityManagerFactoryBean : Building JPA container EntityManagerFactory for persistence unit 'default'
2017-02-10 13:40:09.205  INFO 18715 --- [main] j.LocalContainerEntityManagerFactoryBean : Initialized JPA EntityManagerFactory for persistence unit 'default'
2017-02-10 13:40:09.901  INFO 18715 --- [main] o.s.aop.framework.CglibAopProxy          : Unable to proxy method [public final java.lang.String java.lang.Thread.getName()] because it is final: All calls to this method via a proxy will NOT be routed to the target instance.
2017-02-10 13:40:09.902  INFO 18715 --- [main] o.s.aop.framework.CglibAopProxy          : Unable to proxy method [public final synchronized void java.lang.Thread.join(long) throws java.lang.InterruptedException] because it is final: All calls to this method via a proxy will NOT be routed to the target instance.
2017-02-10 13:40:09.902  INFO 18715 --- [main] o.s.aop.framework.CglibAopProxy          : Unable to proxy method [public final synchronized void java.lang.Thread.join(long,int) throws java.lang.InterruptedException] because it is final: All calls to this method via a proxy will NOT be routed to the target instance.
2017-02-10 13:40:09.902  INFO 18715 --- [main] o.s.aop.framework.CglibAopProxy          : Unable to proxy method [public final void java.lang.Thread.join() throws java.lang.InterruptedException] because it is final: All calls to this method via a proxy will NOT be routed to the target instance.
2017-02-10 13:40:09.902  INFO 18715 --- [main] o.s.aop.framework.CglibAopProxy          : Unable to proxy method [public final java.lang.ThreadGroup java.lang.Thread.getThreadGroup()] because it is final: All calls to this method via a proxy will NOT be routed to the target instance.
2017-02-10 13:40:09.902  INFO 18715 --- [main] o.s.aop.framework.CglibAopProxy          : Unable to proxy method [public final void java.lang.Thread.checkAccess()] because it is final: All calls to this method via a proxy will NOT be routed to the target instance.
2017-02-10 13:40:09.902  INFO 18715 --- [main] o.s.aop.framework.CglibAopProxy          : Unable to proxy method [public final void java.lang.Thread.setPriority(int)] because it is final: All calls to this method via a proxy will NOT be routed to the target instance.
2017-02-10 13:40:09.903  INFO 18715 --- [main] o.s.aop.framework.CglibAopProxy          : Unable to proxy method [public final void java.lang.Thread.setDaemon(boolean)] because it is final: All calls to this method via a proxy will NOT be routed to the target instance.
2017-02-10 13:40:09.903  INFO 18715 --- [main] o.s.aop.framework.CglibAopProxy          : Unable to proxy method [void java.lang.Thread.blockedOn(sun.nio.ch.Interruptible)] because it is package-visible across different ClassLoaders: All calls to this method via a proxy will NOT be routed to the target instance.
2017-02-10 13:40:09.903  INFO 18715 --- [main] o.s.aop.framework.CglibAopProxy          : Unable to proxy method [public final void java.lang.Thread.stop()] because it is final: All calls to this method via a proxy will NOT be routed to the target instance.
2017-02-10 13:40:09.903  INFO 18715 --- [main] o.s.aop.framework.CglibAopProxy          : Unable to proxy method [public final synchronized void java.lang.Thread.stop(java.lang.Throwable)] because it is final: All calls to this method via a proxy will NOT be routed to the target instance.
2017-02-10 13:40:09.903  INFO 18715 --- [main] o.s.aop.framework.CglibAopProxy          : Unable to proxy method [public final native boolean java.lang.Thread.isAlive()] because it is final: All calls to this method via a proxy will NOT be routed to the target instance.
2017-02-10 13:40:09.903  INFO 18715 --- [main] o.s.aop.framework.CglibAopProxy          : Unable to proxy method [public final void java.lang.Thread.suspend()] because it is final: All calls to this method via a proxy will NOT be routed to the target instance.
2017-02-10 13:40:09.903  INFO 18715 --- [main] o.s.aop.framework.CglibAopProxy          : Unable to proxy method [public final void java.lang.Thread.resume()] because it is final: All calls to this method via a proxy will NOT be routed to the target instance.
2017-02-10 13:40:09.903  INFO 18715 --- [main] o.s.aop.framework.CglibAopProxy          : Unable to proxy method [public final int java.lang.Thread.getPriority()] because it is final: All calls to this method via a proxy will NOT be routed to the target instance.
2017-02-10 13:40:09.903  INFO 18715 --- [main] o.s.aop.framework.CglibAopProxy          : Unable to proxy method [public final synchronized void java.lang.Thread.setName(java.lang.String)] because it is final: All calls to this method via a proxy will NOT be routed to the target instance.
2017-02-10 13:40:09.904  INFO 18715 --- [main] o.s.aop.framework.CglibAopProxy          : Unable to proxy method [public final boolean java.lang.Thread.isDaemon()] because it is final: All calls to this method via a proxy will NOT be routed to the target instance.
2017-02-10 13:40:11.659  INFO 18715 --- [main] o.s.j.e.a.AnnotationMBeanExporter        : Registering beans for JMX exposure on startup
2017-02-10 13:40:11.742  INFO 18715 --- [main] s.b.c.e.t.TomcatEmbeddedServletContainer : Tomcat started on port(s): 8080 (http)
2017-02-10 13:40:11.749  INFO 18715 --- [main] com.sashqua.pipeline.Application         : Started Application in 11.409 seconds (JVM running for 12.414)
2017-02-10 13:40:21.123  INFO 18715 --- [http-nio-8080-exec-1] o.a.c.c.C.[Tomcat].[localhost].[/]       : Initializing Spring FrameworkServlet 'dispatcherServlet'
2017-02-10 13:40:22.062  INFO 18715 --- [http-nio-8080-exec-2] s.c.a.AnnotationConfigApplicationContext : Refreshing org.springframework.context.annotation.AnnotationConfigApplicationContext@447a58cc: startup date [Fri Feb 10 13:40:22 MSK 2017]; root of context hierarchy
2017-02-10 13:40:22.111  INFO 18715 --- [http-nio-8080-exec-2] o.s.s.concurrent.ThreadPoolTaskExecutor  : Initializing ExecutorService  'taskExecutor'
2017-02-10 13:40:25.110 ERROR 18715 --- [http-nio-8080-exec-2] c.s.p.controller.ExecutionController     : null
2017-02-10 13:42:55.634  INFO 19018 --- [main] com.sashqua.pipeline.Application         : Starting Application on sashqua with PID 19018 (/home/sashqua/workspace/Pipeline/target/classes started by sashqua in /home/sashqua/workspace/Pipeline)
2017-02-10 13:42:55.645  INFO 19018 --- [main] com.sashqua.pipeline.Application         : The following profiles are active: dev
2017-02-10 13:42:55.986  INFO 19018 --- [main] ationConfigEmbeddedWebApplicationContext : Refreshing org.springframework.boot.context.embedded.AnnotationConfigEmbeddedWebApplicationContext@3b35a229: startup date [Fri Feb 10 13:42:55 MSK 2017]; root of context hierarchy
2017-02-10 13:43:00.259  INFO 19018 --- [main] trationDelegate$BeanPostProcessorChecker : Bean 'org.springframework.transaction.annotation.ProxyTransactionManagementConfiguration' of type [class org.springframework.transaction.annotation.ProxyTransactionManagementConfiguration$$EnhancerBySpringCGLIB$$1baceb78] is not eligible for getting processed by all BeanPostProcessors (for example: not eligible for auto-proxying)
2017-02-10 13:43:01.746  INFO 19018 --- [main] s.b.c.e.t.TomcatEmbeddedServletContainer : Tomcat initialized with port(s): 8080 (http)
2017-02-10 13:43:01.785  INFO 19018 --- [main] o.apache.catalina.core.StandardService   : Starting service Tomcat
2017-02-10 13:43:01.786  INFO 19018 --- [main] org.apache.catalina.core.StandardEngine  : Starting Servlet Engine: Apache Tomcat/8.5.6
2017-02-10 13:43:02.138  INFO 19018 --- [localhost-startStop-1] o.a.c.c.C.[Tomcat].[localhost].[/]       : Initializing Spring embedded WebApplicationContext
2017-02-10 13:43:02.614  INFO 19018 --- [localhost-startStop-1] o.s.b.w.servlet.ServletRegistrationBean  : Mapping servlet: 'dispatcherServlet' to [/]
2017-02-10 13:43:02.625  INFO 19018 --- [localhost-startStop-1] o.s.b.w.servlet.FilterRegistrationBean   : Mapping filter: 'characterEncodingFilter' to: [/*]
2017-02-10 13:43:02.628  INFO 19018 --- [localhost-startStop-1] o.s.b.w.servlet.FilterRegistrationBean   : Mapping filter: 'hiddenHttpMethodFilter' to: [/*]
2017-02-10 13:43:02.629  INFO 19018 --- [localhost-startStop-1] o.s.b.w.servlet.FilterRegistrationBean   : Mapping filter: 'httpPutFormContentFilter' to: [/*]
2017-02-10 13:43:02.631  INFO 19018 --- [localhost-startStop-1] o.s.b.w.servlet.FilterRegistrationBean   : Mapping filter: 'requestContextFilter' to: [/*]
2017-02-10 13:43:03.680  INFO 19018 --- [main] j.LocalContainerEntityManagerFactoryBean : Building JPA container EntityManagerFactory for persistence unit 'default'
2017-02-10 13:43:06.187  INFO 19018 --- [main] j.LocalContainerEntityManagerFactoryBean : Initialized JPA EntityManagerFactory for persistence unit 'default'
2017-02-10 13:43:07.380  INFO 19018 --- [main] o.s.aop.framework.CglibAopProxy          : Unable to proxy method [public final java.lang.String java.lang.Thread.getName()] because it is final: All calls to this method via a proxy will NOT be routed to the target instance.
2017-02-10 13:43:07.383  INFO 19018 --- [main] o.s.aop.framework.CglibAopProxy          : Unable to proxy method [public final synchronized void java.lang.Thread.join(long) throws java.lang.InterruptedException] because it is final: All calls to this method via a proxy will NOT be routed to the target instance.
2017-02-10 13:43:07.383  INFO 19018 --- [main] o.s.aop.framework.CglibAopProxy          : Unable to proxy method [public final synchronized void java.lang.Thread.join(long,int) throws java.lang.InterruptedException] because it is final: All calls to this method via a proxy will NOT be routed to the target instance.
2017-02-10 13:43:07.383  INFO 19018 --- [main] o.s.aop.framework.CglibAopProxy          : Unable to proxy method [public final void java.lang.Thread.join() throws java.lang.InterruptedException] because it is final: All calls to this method via a proxy will NOT be routed to the target instance.
2017-02-10 13:43:07.383  INFO 19018 --- [main] o.s.aop.framework.CglibAopProxy          : Unable to proxy method [public final java.lang.ThreadGroup java.lang.Thread.getThreadGroup()] because it is final: All calls to this method via a proxy will NOT be routed to the target instance.
2017-02-10 13:43:07.383  INFO 19018 --- [main] o.s.aop.framework.CglibAopProxy          : Unable to proxy method [public final void java.lang.Thread.checkAccess()] because it is final: All calls to this method via a proxy will NOT be routed to the target instance.
2017-02-10 13:43:07.383  INFO 19018 --- [main] o.s.aop.framework.CglibAopProxy          : Unable to proxy method [public final void java.lang.Thread.setPriority(int)] because it is final: All calls to this method via a proxy will NOT be routed to the target instance.
2017-02-10 13:43:07.384  INFO 19018 --- [main] o.s.aop.framework.CglibAopProxy          : Unable to proxy method [public final void java.lang.Thread.setDaemon(boolean)] because it is final: All calls to this method via a proxy will NOT be routed to the target instance.
2017-02-10 13:43:07.384  INFO 19018 --- [main] o.s.aop.framework.CglibAopProxy          : Unable to proxy method [void java.lang.Thread.blockedOn(sun.nio.ch.Interruptible)] because it is package-visible across different ClassLoaders: All calls to this method via a proxy will NOT be routed to the target instance.
2017-02-10 13:43:07.384  INFO 19018 --- [main] o.s.aop.framework.CglibAopProxy          : Unable to proxy method [public final void java.lang.Thread.stop()] because it is final: All calls to this method via a proxy will NOT be routed to the target instance.
2017-02-10 13:43:07.384  INFO 19018 --- [main] o.s.aop.framework.CglibAopProxy          : Unable to proxy method [public final synchronized void java.lang.Thread.stop(java.lang.Throwable)] because it is final: All calls to this method via a proxy will NOT be routed to the target instance.
2017-02-10 13:43:07.384  INFO 19018 --- [main] o.s.aop.framework.CglibAopProxy          : Unable to proxy method [public final native boolean java.lang.Thread.isAlive()] because it is final: All calls to this method via a proxy will NOT be routed to the target instance.
2017-02-10 13:43:07.385  INFO 19018 --- [main] o.s.aop.framework.CglibAopProxy          : Unable to proxy method [public final void java.lang.Thread.suspend()] because it is final: All calls to this method via a proxy will NOT be routed to the target instance.
2017-02-10 13:43:07.385  INFO 19018 --- [main] o.s.aop.framework.CglibAopProxy          : Unable to proxy method [public final void java.lang.Thread.resume()] because it is final: All calls to this method via a proxy will NOT be routed to the target instance.
2017-02-10 13:43:07.385  INFO 19018 --- [main] o.s.aop.framework.CglibAopProxy          : Unable to proxy method [public final int java.lang.Thread.getPriority()] because it is final: All calls to this method via a proxy will NOT be routed to the target instance.
2017-02-10 13:43:07.385  INFO 19018 --- [main] o.s.aop.framework.CglibAopProxy          : Unable to proxy method [public final synchronized void java.lang.Thread.setName(java.lang.String)] because it is final: All calls to this method via a proxy will NOT be routed to the target instance.
2017-02-10 13:43:07.385  INFO 19018 --- [main] o.s.aop.framework.CglibAopProxy          : Unable to proxy method [public final boolean java.lang.Thread.isDaemon()] because it is final: All calls to this method via a proxy will NOT be routed to the target instance.
2017-02-10 13:43:10.010  INFO 19018 --- [main] o.s.j.e.a.AnnotationMBeanExporter        : Registering beans for JMX exposure on startup
2017-02-10 13:43:10.206  INFO 19018 --- [main] s.b.c.e.t.TomcatEmbeddedServletContainer : Tomcat started on port(s): 8080 (http)
2017-02-10 13:43:10.279  INFO 19018 --- [main] com.sashqua.pipeline.Application         : Started Application in 16.15 seconds (JVM running for 17.543)
2017-02-10 13:43:12.549  INFO 19018 --- [http-nio-8080-exec-1] o.a.c.c.C.[Tomcat].[localhost].[/]       : Initializing Spring FrameworkServlet 'dispatcherServlet'
2017-02-10 13:43:12.937  INFO 19018 --- [http-nio-8080-exec-1] s.c.a.AnnotationConfigApplicationContext : Refreshing org.springframework.context.annotation.AnnotationConfigApplicationContext@5a38eecb: startup date [Fri Feb 10 13:43:12 MSK 2017]; root of context hierarchy
2017-02-10 13:43:13.033  INFO 19018 --- [http-nio-8080-exec-1] o.s.s.concurrent.ThreadPoolTaskExecutor  : Initializing ExecutorService  'taskExecutor'
2017-02-10 13:43:15.202  INFO 19018 --- [http-nio-8080-exec-1] c.s.p.controller.ExecutionController     : Execution completed at Fri Feb 10 13:43:15 MSK 2017 With status: null
2017-02-10 13:43:30.275  INFO 19018 --- [http-nio-8080-exec-3] s.c.a.AnnotationConfigApplicationContext : Refreshing org.springframework.context.annotation.AnnotationConfigApplicationContext@54044b48: startup date [Fri Feb 10 13:43:30 MSK 2017]; root of context hierarchy
2017-02-10 13:43:30.288  INFO 19018 --- [http-nio-8080-exec-3] o.s.s.concurrent.ThreadPoolTaskExecutor  : Initializing ExecutorService  'taskExecutor'
2017-02-10 13:43:54.975  INFO 19018 --- [http-nio-8080-exec-3] c.s.p.controller.ExecutionController     : Execution completed at Fri Feb 10 13:43:31 MSK 2017 With status: null
2017-02-10 13:44:00.797  INFO 19128 --- [main] com.sashqua.pipeline.Application         : Starting Application on sashqua with PID 19128 (/home/sashqua/workspace/Pipeline/target/classes started by sashqua in /home/sashqua/workspace/Pipeline)
2017-02-10 13:44:00.807  INFO 19128 --- [main] com.sashqua.pipeline.Application         : The following profiles are active: dev
2017-02-10 13:44:01.148  INFO 19128 --- [main] ationConfigEmbeddedWebApplicationContext : Refreshing org.springframework.boot.context.embedded.AnnotationConfigEmbeddedWebApplicationContext@3b35a229: startup date [Fri Feb 10 13:44:01 MSK 2017]; root of context hierarchy
2017-02-10 13:44:06.434  INFO 19128 --- [main] trationDelegate$BeanPostProcessorChecker : Bean 'org.springframework.transaction.annotation.ProxyTransactionManagementConfiguration' of type [class org.springframework.transaction.annotation.ProxyTransactionManagementConfiguration$$EnhancerBySpringCGLIB$$abc616ff] is not eligible for getting processed by all BeanPostProcessors (for example: not eligible for auto-proxying)
2017-02-10 13:44:08.238  INFO 19128 --- [main] s.b.c.e.t.TomcatEmbeddedServletContainer : Tomcat initialized with port(s): 8080 (http)
2017-02-10 13:44:08.273  INFO 19128 --- [main] o.apache.catalina.core.StandardService   : Starting service Tomcat
2017-02-10 13:44:08.275  INFO 19128 --- [main] org.apache.catalina.core.StandardEngine  : Starting Servlet Engine: Apache Tomcat/8.5.6
2017-02-10 13:44:08.512  INFO 19128 --- [localhost-startStop-1] o.a.c.c.C.[Tomcat].[localhost].[/]       : Initializing Spring embedded WebApplicationContext
2017-02-10 13:44:08.907  INFO 19128 --- [localhost-startStop-1] o.s.b.w.servlet.ServletRegistrationBean  : Mapping servlet: 'dispatcherServlet' to [/]
2017-02-10 13:44:08.919  INFO 19128 --- [localhost-startStop-1] o.s.b.w.servlet.FilterRegistrationBean   : Mapping filter: 'characterEncodingFilter' to: [/*]
2017-02-10 13:44:08.920  INFO 19128 --- [localhost-startStop-1] o.s.b.w.servlet.FilterRegistrationBean   : Mapping filter: 'hiddenHttpMethodFilter' to: [/*]
2017-02-10 13:44:08.921  INFO 19128 --- [localhost-startStop-1] o.s.b.w.servlet.FilterRegistrationBean   : Mapping filter: 'httpPutFormContentFilter' to: [/*]
2017-02-10 13:44:08.937  INFO 19128 --- [localhost-startStop-1] o.s.b.w.servlet.FilterRegistrationBean   : Mapping filter: 'requestContextFilter' to: [/*]
2017-02-10 13:44:09.971  INFO 19128 --- [main] j.LocalContainerEntityManagerFactoryBean : Building JPA container EntityManagerFactory for persistence unit 'default'
2017-02-10 13:44:12.166  INFO 19128 --- [main] j.LocalContainerEntityManagerFactoryBean : Initialized JPA EntityManagerFactory for persistence unit 'default'
2017-02-10 13:44:12.903  INFO 19128 --- [main] o.s.aop.framework.CglibAopProxy          : Unable to proxy method [public final java.lang.String java.lang.Thread.getName()] because it is final: All calls to this method via a proxy will NOT be routed to the target instance.
2017-02-10 13:44:12.905  INFO 19128 --- [main] o.s.aop.framework.CglibAopProxy          : Unable to proxy method [public final synchronized void java.lang.Thread.join(long) throws java.lang.InterruptedException] because it is final: All calls to this method via a proxy will NOT be routed to the target instance.
2017-02-10 13:44:12.905  INFO 19128 --- [main] o.s.aop.framework.CglibAopProxy          : Unable to proxy method [public final synchronized void java.lang.Thread.join(long,int) throws java.lang.InterruptedException] because it is final: All calls to this method via a proxy will NOT be routed to the target instance.
2017-02-10 13:44:12.905  INFO 19128 --- [main] o.s.aop.framework.CglibAopProxy          : Unable to proxy method [public final void java.lang.Thread.join() throws java.lang.InterruptedException] because it is final: All calls to this method via a proxy will NOT be routed to the target instance.
2017-02-10 13:44:12.905  INFO 19128 --- [main] o.s.aop.framework.CglibAopProxy          : Unable to proxy method [public final java.lang.ThreadGroup java.lang.Thread.getThreadGroup()] because it is final: All calls to this method via a proxy will NOT be routed to the target instance.
2017-02-10 13:44:12.905  INFO 19128 --- [main] o.s.aop.framework.CglibAopProxy          : Unable to proxy method [public final void java.lang.Thread.checkAccess()] because it is final: All calls to this method via a proxy will NOT be routed to the target instance.
2017-02-10 13:44:12.905  INFO 19128 --- [main] o.s.aop.framework.CglibAopProxy          : Unable to proxy method [public final void java.lang.Thread.setPriority(int)] because it is final: All calls to this method via a proxy will NOT be routed to the target instance.
2017-02-10 13:44:12.906  INFO 19128 --- [main] o.s.aop.framework.CglibAopProxy          : Unable to proxy method [public final void java.lang.Thread.setDaemon(boolean)] because it is final: All calls to this method via a proxy will NOT be routed to the target instance.
2017-02-10 13:44:12.914  INFO 19128 --- [main] o.s.aop.framework.CglibAopProxy          : Unable to proxy method [void java.lang.Thread.blockedOn(sun.nio.ch.Interruptible)] because it is package-visible across different ClassLoaders: All calls to this method via a proxy will NOT be routed to the target instance.
2017-02-10 13:44:12.915  INFO 19128 --- [main] o.s.aop.framework.CglibAopProxy          : Unable to proxy method [public final void java.lang.Thread.stop()] because it is final: All calls to this method via a proxy will NOT be routed to the target instance.
2017-02-10 13:44:12.915  INFO 19128 --- [main] o.s.aop.framework.CglibAopProxy          : Unable to proxy method [public final synchronized void java.lang.Thread.stop(java.lang.Throwable)] because it is final: All calls to this method via a proxy will NOT be routed to the target instance.
2017-02-10 13:44:12.915  INFO 19128 --- [main] o.s.aop.framework.CglibAopProxy          : Unable to proxy method [public final native boolean java.lang.Thread.isAlive()] because it is final: All calls to this method via a proxy will NOT be routed to the target instance.
2017-02-10 13:44:12.915  INFO 19128 --- [main] o.s.aop.framework.CglibAopProxy          : Unable to proxy method [public final void java.lang.Thread.suspend()] because it is final: All calls to this method via a proxy will NOT be routed to the target instance.
2017-02-10 13:44:12.915  INFO 19128 --- [main] o.s.aop.framework.CglibAopProxy          : Unable to proxy method [public final void java.lang.Thread.resume()] because it is final: All calls to this method via a proxy will NOT be routed to the target instance.
2017-02-10 13:44:12.915  INFO 19128 --- [main] o.s.aop.framework.CglibAopProxy          : Unable to proxy method [public final int java.lang.Thread.getPriority()] because it is final: All calls to this method via a proxy will NOT be routed to the target instance.
2017-02-10 13:44:12.915  INFO 19128 --- [main] o.s.aop.framework.CglibAopProxy          : Unable to proxy method [public final synchronized void java.lang.Thread.setName(java.lang.String)] because it is final: All calls to this method via a proxy will NOT be routed to the target instance.
2017-02-10 13:44:12.915  INFO 19128 --- [main] o.s.aop.framework.CglibAopProxy          : Unable to proxy method [public final boolean java.lang.Thread.isDaemon()] because it is final: All calls to this method via a proxy will NOT be routed to the target instance.
2017-02-10 13:44:14.683  INFO 19128 --- [main] o.s.j.e.a.AnnotationMBeanExporter        : Registering beans for JMX exposure on startup
2017-02-10 13:44:14.785  INFO 19128 --- [main] s.b.c.e.t.TomcatEmbeddedServletContainer : Tomcat started on port(s): 8080 (http)
2017-02-10 13:44:14.791  INFO 19128 --- [main] com.sashqua.pipeline.Application         : Started Application in 15.487 seconds (JVM running for 16.671)
2017-02-10 13:44:26.998  INFO 19128 --- [http-nio-8080-exec-1] o.a.c.c.C.[Tomcat].[localhost].[/]       : Initializing Spring FrameworkServlet 'dispatcherServlet'
2017-02-10 13:44:27.544  INFO 19128 --- [http-nio-8080-exec-1] s.c.a.AnnotationConfigApplicationContext : Refreshing org.springframework.context.annotation.AnnotationConfigApplicationContext@1c0882c1: startup date [Fri Feb 10 13:44:27 MSK 2017]; root of context hierarchy
2017-02-10 13:44:27.593  INFO 19128 --- [http-nio-8080-exec-1] o.s.s.concurrent.ThreadPoolTaskExecutor  : Initializing ExecutorService  'taskExecutor'
2017-02-10 13:44:32.551  INFO 19128 --- [http-nio-8080-exec-1] c.s.p.controller.ExecutionController     : Execution completed at Fri Feb 10 13:44:29 MSK 2017 With status: null
2017-02-10 13:45:21.644  INFO 19128 --- [http-nio-8080-exec-3] s.c.a.AnnotationConfigApplicationContext : Refreshing org.springframework.context.annotation.AnnotationConfigApplicationContext@574c683b: startup date [Fri Feb 10 13:45:21 MSK 2017]; root of context hierarchy
2017-02-10 13:45:21.671  INFO 19128 --- [http-nio-8080-exec-3] o.s.s.concurrent.ThreadPoolTaskExecutor  : Initializing ExecutorService  'taskExecutor'
2017-02-10 14:07:42.160  INFO 19128 --- [http-nio-8080-exec-3] c.s.p.controller.ExecutionController     : Execution completed at Fri Feb 10 13:45:23 MSK 2017 With status: null
2017-02-10 14:07:48.416  INFO 21167 --- [main] com.sashqua.pipeline.Application         : Starting Application on sashqua with PID 21167 (/home/sashqua/workspace/Pipeline/target/classes started by sashqua in /home/sashqua/workspace/Pipeline)
2017-02-10 14:07:48.434  INFO 21167 --- [main] com.sashqua.pipeline.Application         : The following profiles are active: dev
2017-02-10 14:07:48.771  INFO 21167 --- [main] ationConfigEmbeddedWebApplicationContext : Refreshing org.springframework.boot.context.embedded.AnnotationConfigEmbeddedWebApplicationContext@3b35a229: startup date [Fri Feb 10 14:07:48 MSK 2017]; root of context hierarchy
2017-02-10 14:07:55.192  INFO 21167 --- [main] trationDelegate$BeanPostProcessorChecker : Bean 'org.springframework.transaction.annotation.ProxyTransactionManagementConfiguration' of type [class org.springframework.transaction.annotation.ProxyTransactionManagementConfiguration$$EnhancerBySpringCGLIB$$1ba5d4a5] is not eligible for getting processed by all BeanPostProcessors (for example: not eligible for auto-proxying)
2017-02-10 14:07:56.443  INFO 21167 --- [main] s.b.c.e.t.TomcatEmbeddedServletContainer : Tomcat initialized with port(s): 8080 (http)
2017-02-10 14:07:56.477  INFO 21167 --- [main] o.apache.catalina.core.StandardService   : Starting service Tomcat
2017-02-10 14:07:56.478  INFO 21167 --- [main] org.apache.catalina.core.StandardEngine  : Starting Servlet Engine: Apache Tomcat/8.5.6
2017-02-10 14:07:56.781  INFO 21167 --- [localhost-startStop-1] o.a.c.c.C.[Tomcat].[localhost].[/]       : Initializing Spring embedded WebApplicationContext
2017-02-10 14:07:57.166  INFO 21167 --- [localhost-startStop-1] o.s.b.w.servlet.ServletRegistrationBean  : Mapping servlet: 'dispatcherServlet' to [/]
2017-02-10 14:07:57.176  INFO 21167 --- [localhost-startStop-1] o.s.b.w.servlet.FilterRegistrationBean   : Mapping filter: 'characterEncodingFilter' to: [/*]
2017-02-10 14:07:57.177  INFO 21167 --- [localhost-startStop-1] o.s.b.w.servlet.FilterRegistrationBean   : Mapping filter: 'hiddenHttpMethodFilter' to: [/*]
2017-02-10 14:07:57.178  INFO 21167 --- [localhost-startStop-1] o.s.b.w.servlet.FilterRegistrationBean   : Mapping filter: 'httpPutFormContentFilter' to: [/*]
2017-02-10 14:07:57.178  INFO 21167 --- [localhost-startStop-1] o.s.b.w.servlet.FilterRegistrationBean   : Mapping filter: 'requestContextFilter' to: [/*]
2017-02-10 14:07:57.902  INFO 21167 --- [main] j.LocalContainerEntityManagerFactoryBean : Building JPA container EntityManagerFactory for persistence unit 'default'
2017-02-10 14:08:00.276  INFO 21167 --- [main] j.LocalContainerEntityManagerFactoryBean : Initialized JPA EntityManagerFactory for persistence unit 'default'
2017-02-10 14:08:01.192  INFO 21167 --- [main] o.s.aop.framework.CglibAopProxy          : Unable to proxy method [public final java.lang.String java.lang.Thread.getName()] because it is final: All calls to this method via a proxy will NOT be routed to the target instance.
2017-02-10 14:08:01.193  INFO 21167 --- [main] o.s.aop.framework.CglibAopProxy          : Unable to proxy method [public final synchronized void java.lang.Thread.join(long) throws java.lang.InterruptedException] because it is final: All calls to this method via a proxy will NOT be routed to the target instance.
2017-02-10 14:08:01.193  INFO 21167 --- [main] o.s.aop.framework.CglibAopProxy          : Unable to proxy method [public final synchronized void java.lang.Thread.join(long,int) throws java.lang.InterruptedException] because it is final: All calls to this method via a proxy will NOT be routed to the target instance.
2017-02-10 14:08:01.193  INFO 21167 --- [main] o.s.aop.framework.CglibAopProxy          : Unable to proxy method [public final void java.lang.Thread.join() throws java.lang.InterruptedException] because it is final: All calls to this method via a proxy will NOT be routed to the target instance.
2017-02-10 14:08:01.193  INFO 21167 --- [main] o.s.aop.framework.CglibAopProxy          : Unable to proxy method [public final java.lang.ThreadGroup java.lang.Thread.getThreadGroup()] because it is final: All calls to this method via a proxy will NOT be routed to the target instance.
2017-02-10 14:08:01.193  INFO 21167 --- [main] o.s.aop.framework.CglibAopProxy          : Unable to proxy method [public final void java.lang.Thread.checkAccess()] because it is final: All calls to this method via a proxy will NOT be routed to the target instance.
2017-02-10 14:08:01.195  INFO 21167 --- [main] o.s.aop.framework.CglibAopProxy          : Unable to proxy method [public final void java.lang.Thread.setPriority(int)] because it is final: All calls to this method via a proxy will NOT be routed to the target instance.
2017-02-10 14:08:01.195  INFO 21167 --- [main] o.s.aop.framework.CglibAopProxy          : Unable to proxy method [public final void java.lang.Thread.setDaemon(boolean)] because it is final: All calls to this method via a proxy will NOT be routed to the target instance.
2017-02-10 14:08:01.195  INFO 21167 --- [main] o.s.aop.framework.CglibAopProxy          : Unable to proxy method [void java.lang.Thread.blockedOn(sun.nio.ch.Interruptible)] because it is package-visible across different ClassLoaders: All calls to this method via a proxy will NOT be routed to the target instance.
2017-02-10 14:08:01.195  INFO 21167 --- [main] o.s.aop.framework.CglibAopProxy          : Unable to proxy method [public final void java.lang.Thread.stop()] because it is final: All calls to this method via a proxy will NOT be routed to the target instance.
2017-02-10 14:08:01.195  INFO 21167 --- [main] o.s.aop.framework.CglibAopProxy          : Unable to proxy method [public final synchronized void java.lang.Thread.stop(java.lang.Throwable)] because it is final: All calls to this method via a proxy will NOT be routed to the target instance.
2017-02-10 14:08:01.195  INFO 21167 --- [main] o.s.aop.framework.CglibAopProxy          : Unable to proxy method [public final native boolean java.lang.Thread.isAlive()] because it is final: All calls to this method via a proxy will NOT be routed to the target instance.
2017-02-10 14:08:01.196  INFO 21167 --- [main] o.s.aop.framework.CglibAopProxy          : Unable to proxy method [public final void java.lang.Thread.suspend()] because it is final: All calls to this method via a proxy will NOT be routed to the target instance.
2017-02-10 14:08:01.197  INFO 21167 --- [main] o.s.aop.framework.CglibAopProxy          : Unable to proxy method [public final void java.lang.Thread.resume()] because it is final: All calls to this method via a proxy will NOT be routed to the target instance.
2017-02-10 14:08:01.198  INFO 21167 --- [main] o.s.aop.framework.CglibAopProxy          : Unable to proxy method [public final int java.lang.Thread.getPriority()] because it is final: All calls to this method via a proxy will NOT be routed to the target instance.
2017-02-10 14:08:01.198  INFO 21167 --- [main] o.s.aop.framework.CglibAopProxy          : Unable to proxy method [public final synchronized void java.lang.Thread.setName(java.lang.String)] because it is final: All calls to this method via a proxy will NOT be routed to the target instance.
2017-02-10 14:08:01.198  INFO 21167 --- [main] o.s.aop.framework.CglibAopProxy          : Unable to proxy method [public final boolean java.lang.Thread.isDaemon()] because it is final: All calls to this method via a proxy will NOT be routed to the target instance.
2017-02-10 14:08:03.430  INFO 21167 --- [main] o.s.j.e.a.AnnotationMBeanExporter        : Registering beans for JMX exposure on startup
2017-02-10 14:08:03.649  INFO 21167 --- [main] s.b.c.e.t.TomcatEmbeddedServletContainer : Tomcat started on port(s): 8080 (http)
2017-02-10 14:08:03.662  INFO 21167 --- [main] com.sashqua.pipeline.Application         : Started Application in 16.704 seconds (JVM running for 17.957)
2017-02-10 14:08:08.895  INFO 21167 --- [http-nio-8080-exec-1] o.a.c.c.C.[Tomcat].[localhost].[/]       : Initializing Spring FrameworkServlet 'dispatcherServlet'
2017-02-10 14:08:09.459  INFO 21167 --- [http-nio-8080-exec-1] s.c.a.AnnotationConfigApplicationContext : Refreshing org.springframework.context.annotation.AnnotationConfigApplicationContext@6d248757: startup date [Fri Feb 10 14:08:09 MSK 2017]; root of context hierarchy
2017-02-10 14:08:09.507  INFO 21167 --- [http-nio-8080-exec-1] o.s.s.concurrent.ThreadPoolTaskExecutor  : Initializing ExecutorService  'taskExecutor'
2017-02-10 14:08:10.568 ERROR 21167 --- [http-nio-8080-exec-1] c.s.p.controller.ExecutionController     : null
2017-02-10 14:08:27.736  INFO 21167 --- [http-nio-8080-exec-3] s.c.a.AnnotationConfigApplicationContext : Refreshing org.springframework.context.annotation.AnnotationConfigApplicationContext@528b1b8e: startup date [Fri Feb 10 14:08:27 MSK 2017]; root of context hierarchy
2017-02-10 14:08:27.778  INFO 21167 --- [http-nio-8080-exec-3] o.s.s.concurrent.ThreadPoolTaskExecutor  : Initializing ExecutorService  'taskExecutor'
2017-02-10 14:08:57.388 ERROR 21167 --- [http-nio-8080-exec-3] c.s.p.controller.ExecutionController     : null
2017-02-10 14:09:09.882  INFO 21167 --- [http-nio-8080-exec-5] s.c.a.AnnotationConfigApplicationContext : Refreshing org.springframework.context.annotation.AnnotationConfigApplicationContext@5004bcda: startup date [Fri Feb 10 14:09:09 MSK 2017]; root of context hierarchy
2017-02-10 14:09:09.898  INFO 21167 --- [http-nio-8080-exec-5] o.s.s.concurrent.ThreadPoolTaskExecutor  : Initializing ExecutorService  'taskExecutor'
2017-02-10 14:09:48.651 ERROR 21167 --- [http-nio-8080-exec-5] c.s.p.controller.ExecutionController     : null
2017-02-10 14:10:17.779  INFO 21167 --- [http-nio-8080-exec-7] s.c.a.AnnotationConfigApplicationContext : Refreshing org.springframework.context.annotation.AnnotationConfigApplicationContext@ec244f0: startup date [Fri Feb 10 14:10:17 MSK 2017]; root of context hierarchy
2017-02-10 14:10:17.818  INFO 21167 --- [http-nio-8080-exec-7] o.s.s.concurrent.ThreadPoolTaskExecutor  : Initializing ExecutorService  'taskExecutor'
2017-02-10 14:11:27.682 ERROR 21167 --- [http-nio-8080-exec-7] c.s.p.controller.ExecutionController     : null
2017-02-10 14:11:41.120  INFO 21167 --- [http-nio-8080-exec-9] s.c.a.AnnotationConfigApplicationContext : Refreshing org.springframework.context.annotation.AnnotationConfigApplicationContext@7c236adf: startup date [Fri Feb 10 14:11:41 MSK 2017]; root of context hierarchy
2017-02-10 14:11:41.139  INFO 21167 --- [http-nio-8080-exec-9] o.s.s.concurrent.ThreadPoolTaskExecutor  : Initializing ExecutorService  'taskExecutor'
2017-02-10 14:12:13.424 ERROR 21167 --- [http-nio-8080-exec-9] c.s.p.controller.ExecutionController     : null
2017-02-10 14:12:52.916  INFO 21657 --- [main] com.sashqua.pipeline.Application         : Starting Application on sashqua with PID 21657 (/home/sashqua/workspace/Pipeline/target/classes started by sashqua in /home/sashqua/workspace/Pipeline)
2017-02-10 14:12:52.924  INFO 21657 --- [main] com.sashqua.pipeline.Application         : The following profiles are active: dev
2017-02-10 14:12:53.497  INFO 21657 --- [main] ationConfigEmbeddedWebApplicationContext : Refreshing org.springframework.boot.context.embedded.AnnotationConfigEmbeddedWebApplicationContext@3b35a229: startup date [Fri Feb 10 14:12:53 MSK 2017]; root of context hierarchy
2017-02-10 14:12:59.615  INFO 21657 --- [main] trationDelegate$BeanPostProcessorChecker : Bean 'org.springframework.transaction.annotation.ProxyTransactionManagementConfiguration' of type [class org.springframework.transaction.annotation.ProxyTransactionManagementConfiguration$$EnhancerBySpringCGLIB$$8b5b949e] is not eligible for getting processed by all BeanPostProcessors (for example: not eligible for auto-proxying)
2017-02-10 14:13:01.065  INFO 21657 --- [main] s.b.c.e.t.TomcatEmbeddedServletContainer : Tomcat initialized with port(s): 8080 (http)
2017-02-10 14:13:01.178  INFO 21657 --- [main] o.apache.catalina.core.StandardService   : Starting service Tomcat
2017-02-10 14:13:01.187  INFO 21657 --- [main] org.apache.catalina.core.StandardEngine  : Starting Servlet Engine: Apache Tomcat/8.5.6
2017-02-10 14:13:01.878  INFO 21657 --- [localhost-startStop-1] o.a.c.c.C.[Tomcat].[localhost].[/]       : Initializing Spring embedded WebApplicationContext
2017-02-10 14:13:03.035  INFO 21657 --- [localhost-startStop-1] o.s.b.w.servlet.ServletRegistrationBean  : Mapping servlet: 'dispatcherServlet' to [/]
2017-02-10 14:13:03.052  INFO 21657 --- [localhost-startStop-1] o.s.b.w.servlet.FilterRegistrationBean   : Mapping filter: 'characterEncodingFilter' to: [/*]
2017-02-10 14:13:03.054  INFO 21657 --- [localhost-startStop-1] o.s.b.w.servlet.FilterRegistrationBean   : Mapping filter: 'hiddenHttpMethodFilter' to: [/*]
2017-02-10 14:13:03.054  INFO 21657 --- [localhost-startStop-1] o.s.b.w.servlet.FilterRegistrationBean   : Mapping filter: 'httpPutFormContentFilter' to: [/*]
2017-02-10 14:13:03.059  INFO 21657 --- [localhost-startStop-1] o.s.b.w.servlet.FilterRegistrationBean   : Mapping filter: 'requestContextFilter' to: [/*]
2017-02-10 14:13:04.967  INFO 21657 --- [main] j.LocalContainerEntityManagerFactoryBean : Building JPA container EntityManagerFactory for persistence unit 'default'
2017-02-10 14:13:07.147  INFO 21657 --- [main] j.LocalContainerEntityManagerFactoryBean : Initialized JPA EntityManagerFactory for persistence unit 'default'
2017-02-10 14:13:08.135  INFO 21657 --- [main] o.s.aop.framework.CglibAopProxy          : Unable to proxy method [public final java.lang.String java.lang.Thread.getName()] because it is final: All calls to this method via a proxy will NOT be routed to the target instance.
2017-02-10 14:13:08.136  INFO 21657 --- [main] o.s.aop.framework.CglibAopProxy          : Unable to proxy method [public final synchronized void java.lang.Thread.join(long) throws java.lang.InterruptedException] because it is final: All calls to this method via a proxy will NOT be routed to the target instance.
2017-02-10 14:13:08.136  INFO 21657 --- [main] o.s.aop.framework.CglibAopProxy          : Unable to proxy method [public final synchronized void java.lang.Thread.join(long,int) throws java.lang.InterruptedException] because it is final: All calls to this method via a proxy will NOT be routed to the target instance.
2017-02-10 14:13:08.136  INFO 21657 --- [main] o.s.aop.framework.CglibAopProxy          : Unable to proxy method [public final void java.lang.Thread.join() throws java.lang.InterruptedException] because it is final: All calls to this method via a proxy will NOT be routed to the target instance.
2017-02-10 14:13:08.136  INFO 21657 --- [main] o.s.aop.framework.CglibAopProxy          : Unable to proxy method [public final java.lang.ThreadGroup java.lang.Thread.getThreadGroup()] because it is final: All calls to this method via a proxy will NOT be routed to the target instance.
2017-02-10 14:13:08.137  INFO 21657 --- [main] o.s.aop.framework.CglibAopProxy          : Unable to proxy method [public final void java.lang.Thread.checkAccess()] because it is final: All calls to this method via a proxy will NOT be routed to the target instance.
2017-02-10 14:13:08.137  INFO 21657 --- [main] o.s.aop.framework.CglibAopProxy          : Unable to proxy method [public final void java.lang.Thread.setPriority(int)] because it is final: All calls to this method via a proxy will NOT be routed to the target instance.
2017-02-10 14:13:08.137  INFO 21657 --- [main] o.s.aop.framework.CglibAopProxy          : Unable to proxy method [public final void java.lang.Thread.setDaemon(boolean)] because it is final: All calls to this method via a proxy will NOT be routed to the target instance.
2017-02-10 14:13:08.137  INFO 21657 --- [main] o.s.aop.framework.CglibAopProxy          : Unable to proxy method [void java.lang.Thread.blockedOn(sun.nio.ch.Interruptible)] because it is package-visible across different ClassLoaders: All calls to this method via a proxy will NOT be routed to the target instance.
2017-02-10 14:13:08.137  INFO 21657 --- [main] o.s.aop.framework.CglibAopProxy          : Unable to proxy method [public final void java.lang.Thread.stop()] because it is final: All calls to this method via a proxy will NOT be routed to the target instance.
2017-02-10 14:13:08.137  INFO 21657 --- [main] o.s.aop.framework.CglibAopProxy          : Unable to proxy method [public final synchronized void java.lang.Thread.stop(java.lang.Throwable)] because it is final: All calls to this method via a proxy will NOT be routed to the target instance.
2017-02-10 14:13:08.137  INFO 21657 --- [main] o.s.aop.framework.CglibAopProxy          : Unable to proxy method [public final native boolean java.lang.Thread.isAlive()] because it is final: All calls to this method via a proxy will NOT be routed to the target instance.
2017-02-10 14:13:08.137  INFO 21657 --- [main] o.s.aop.framework.CglibAopProxy          : Unable to proxy method [public final void java.lang.Thread.suspend()] because it is final: All calls to this method via a proxy will NOT be routed to the target instance.
2017-02-10 14:13:08.137  INFO 21657 --- [main] o.s.aop.framework.CglibAopProxy          : Unable to proxy method [public final void java.lang.Thread.resume()] because it is final: All calls to this method via a proxy will NOT be routed to the target instance.
2017-02-10 14:13:08.138  INFO 21657 --- [main] o.s.aop.framework.CglibAopProxy          : Unable to proxy method [public final int java.lang.Thread.getPriority()] because it is final: All calls to this method via a proxy will NOT be routed to the target instance.
2017-02-10 14:13:08.138  INFO 21657 --- [main] o.s.aop.framework.CglibAopProxy          : Unable to proxy method [public final synchronized void java.lang.Thread.setName(java.lang.String)] because it is final: All calls to this method via a proxy will NOT be routed to the target instance.
2017-02-10 14:13:08.141  INFO 21657 --- [main] o.s.aop.framework.CglibAopProxy          : Unable to proxy method [public final boolean java.lang.Thread.isDaemon()] because it is final: All calls to this method via a proxy will NOT be routed to the target instance.
2017-02-10 14:13:09.963  INFO 21657 --- [main] o.s.j.e.a.AnnotationMBeanExporter        : Registering beans for JMX exposure on startup
2017-02-10 14:13:10.134  INFO 21657 --- [main] s.b.c.e.t.TomcatEmbeddedServletContainer : Tomcat started on port(s): 8080 (http)
2017-02-10 14:13:10.140  INFO 21657 --- [main] com.sashqua.pipeline.Application         : Started Application in 18.985 seconds (JVM running for 20.358)
2017-02-10 14:13:28.525  INFO 21821 --- [main] com.sashqua.pipeline.Application         : Starting Application on sashqua with PID 21821 (/home/sashqua/workspace/Pipeline/target/classes started by sashqua in /home/sashqua/workspace/Pipeline)
2017-02-10 14:13:28.535  INFO 21821 --- [main] com.sashqua.pipeline.Application         : The following profiles are active: dev
2017-02-10 14:13:28.825  INFO 21821 --- [main] ationConfigEmbeddedWebApplicationContext : Refreshing org.springframework.boot.context.embedded.AnnotationConfigEmbeddedWebApplicationContext@3b35a229: startup date [Fri Feb 10 14:13:28 MSK 2017]; root of context hierarchy
2017-02-10 14:13:32.653  INFO 21821 --- [main] trationDelegate$BeanPostProcessorChecker : Bean 'org.springframework.transaction.annotation.ProxyTransactionManagementConfiguration' of type [class org.springframework.transaction.annotation.ProxyTransactionManagementConfiguration$$EnhancerBySpringCGLIB$$2aee33f6] is not eligible for getting processed by all BeanPostProcessors (for example: not eligible for auto-proxying)
2017-02-10 14:13:33.988  INFO 21821 --- [main] s.b.c.e.t.TomcatEmbeddedServletContainer : Tomcat initialized with port(s): 8080 (http)
2017-02-10 14:13:34.098  INFO 21821 --- [main] o.apache.catalina.core.StandardService   : Starting service Tomcat
2017-02-10 14:13:34.101  INFO 21821 --- [main] org.apache.catalina.core.StandardEngine  : Starting Servlet Engine: Apache Tomcat/8.5.6
2017-02-10 14:13:34.606  INFO 21821 --- [localhost-startStop-1] o.a.c.c.C.[Tomcat].[localhost].[/]       : Initializing Spring embedded WebApplicationContext
2017-02-10 14:13:35.307  INFO 21821 --- [localhost-startStop-1] o.s.b.w.servlet.ServletRegistrationBean  : Mapping servlet: 'dispatcherServlet' to [/]
2017-02-10 14:13:35.319  INFO 21821 --- [localhost-startStop-1] o.s.b.w.servlet.FilterRegistrationBean   : Mapping filter: 'characterEncodingFilter' to: [/*]
2017-02-10 14:13:35.321  INFO 21821 --- [localhost-startStop-1] o.s.b.w.servlet.FilterRegistrationBean   : Mapping filter: 'hiddenHttpMethodFilter' to: [/*]
2017-02-10 14:13:35.322  INFO 21821 --- [localhost-startStop-1] o.s.b.w.servlet.FilterRegistrationBean   : Mapping filter: 'httpPutFormContentFilter' to: [/*]
2017-02-10 14:13:35.323  INFO 21821 --- [localhost-startStop-1] o.s.b.w.servlet.FilterRegistrationBean   : Mapping filter: 'requestContextFilter' to: [/*]
2017-02-10 14:13:36.537  INFO 21821 --- [main] j.LocalContainerEntityManagerFactoryBean : Building JPA container EntityManagerFactory for persistence unit 'default'
2017-02-10 14:13:38.817  INFO 21821 --- [main] j.LocalContainerEntityManagerFactoryBean : Initialized JPA EntityManagerFactory for persistence unit 'default'
2017-02-10 14:13:39.512  INFO 21821 --- [main] o.s.aop.framework.CglibAopProxy          : Unable to proxy method [public final java.lang.String java.lang.Thread.getName()] because it is final: All calls to this method via a proxy will NOT be routed to the target instance.
2017-02-10 14:13:39.513  INFO 21821 --- [main] o.s.aop.framework.CglibAopProxy          : Unable to proxy method [public final synchronized void java.lang.Thread.join(long) throws java.lang.InterruptedException] because it is final: All calls to this method via a proxy will NOT be routed to the target instance.
2017-02-10 14:13:39.513  INFO 21821 --- [main] o.s.aop.framework.CglibAopProxy          : Unable to proxy method [public final synchronized void java.lang.Thread.join(long,int) throws java.lang.InterruptedException] because it is final: All calls to this method via a proxy will NOT be routed to the target instance.
2017-02-10 14:13:39.513  INFO 21821 --- [main] o.s.aop.framework.CglibAopProxy          : Unable to proxy method [public final void java.lang.Thread.join() throws java.lang.InterruptedException] because it is final: All calls to this method via a proxy will NOT be routed to the target instance.
2017-02-10 14:13:39.513  INFO 21821 --- [main] o.s.aop.framework.CglibAopProxy          : Unable to proxy method [public final java.lang.ThreadGroup java.lang.Thread.getThreadGroup()] because it is final: All calls to this method via a proxy will NOT be routed to the target instance.
2017-02-10 14:13:39.513  INFO 21821 --- [main] o.s.aop.framework.CglibAopProxy          : Unable to proxy method [public final void java.lang.Thread.checkAccess()] because it is final: All calls to this method via a proxy will NOT be routed to the target instance.
2017-02-10 14:13:39.514  INFO 21821 --- [main] o.s.aop.framework.CglibAopProxy          : Unable to proxy method [public final void java.lang.Thread.setPriority(int)] because it is final: All calls to this method via a proxy will NOT be routed to the target instance.
2017-02-10 14:13:39.514  INFO 21821 --- [main] o.s.aop.framework.CglibAopProxy          : Unable to proxy method [public final void java.lang.Thread.setDaemon(boolean)] because it is final: All calls to this method via a proxy will NOT be routed to the target instance.
2017-02-10 14:13:39.514  INFO 21821 --- [main] o.s.aop.framework.CglibAopProxy          : Unable to proxy method [void java.lang.Thread.blockedOn(sun.nio.ch.Interruptible)] because it is package-visible across different ClassLoaders: All calls to this method via a proxy will NOT be routed to the target instance.
2017-02-10 14:13:39.514  INFO 21821 --- [main] o.s.aop.framework.CglibAopProxy          : Unable to proxy method [public final void java.lang.Thread.stop()] because it is final: All calls to this method via a proxy will NOT be routed to the target instance.
2017-02-10 14:13:39.514  INFO 21821 --- [main] o.s.aop.framework.CglibAopProxy          : Unable to proxy method [public final synchronized void java.lang.Thread.stop(java.lang.Throwable)] because it is final: All calls to this method via a proxy will NOT be routed to the target instance.
2017-02-10 14:13:39.514  INFO 21821 --- [main] o.s.aop.framework.CglibAopProxy          : Unable to proxy method [public final native boolean java.lang.Thread.isAlive()] because it is final: All calls to this method via a proxy will NOT be routed to the target instance.
2017-02-10 14:13:39.514  INFO 21821 --- [main] o.s.aop.framework.CglibAopProxy          : Unable to proxy method [public final void java.lang.Thread.suspend()] because it is final: All calls to this method via a proxy will NOT be routed to the target instance.
2017-02-10 14:13:39.514  INFO 21821 --- [main] o.s.aop.framework.CglibAopProxy          : Unable to proxy method [public final void java.lang.Thread.resume()] because it is final: All calls to this method via a proxy will NOT be routed to the target instance.
2017-02-10 14:13:39.514  INFO 21821 --- [main] o.s.aop.framework.CglibAopProxy          : Unable to proxy method [public final int java.lang.Thread.getPriority()] because it is final: All calls to this method via a proxy will NOT be routed to the target instance.
2017-02-10 14:13:39.515  INFO 21821 --- [main] o.s.aop.framework.CglibAopProxy          : Unable to proxy method [public final synchronized void java.lang.Thread.setName(java.lang.String)] because it is final: All calls to this method via a proxy will NOT be routed to the target instance.
2017-02-10 14:13:39.515  INFO 21821 --- [main] o.s.aop.framework.CglibAopProxy          : Unable to proxy method [public final boolean java.lang.Thread.isDaemon()] because it is final: All calls to this method via a proxy will NOT be routed to the target instance.
2017-02-10 14:13:41.983  INFO 21821 --- [main] o.s.j.e.a.AnnotationMBeanExporter        : Registering beans for JMX exposure on startup
2017-02-10 14:13:42.345  INFO 21821 --- [main] s.b.c.e.t.TomcatEmbeddedServletContainer : Tomcat started on port(s): 8080 (http)
2017-02-10 14:13:42.373  INFO 21821 --- [main] com.sashqua.pipeline.Application         : Started Application in 15.67 seconds (JVM running for 16.958)
2017-02-10 14:13:46.539  INFO 21821 --- [http-nio-8080-exec-1] o.a.c.c.C.[Tomcat].[localhost].[/]       : Initializing Spring FrameworkServlet 'dispatcherServlet'
2017-02-10 14:13:47.081  INFO 21821 --- [http-nio-8080-exec-1] s.c.a.AnnotationConfigApplicationContext : Refreshing org.springframework.context.annotation.AnnotationConfigApplicationContext@5f86c331: startup date [Fri Feb 10 14:13:47 MSK 2017]; root of context hierarchy
2017-02-10 14:13:47.220  INFO 21821 --- [http-nio-8080-exec-1] o.s.s.concurrent.ThreadPoolTaskExecutor  : Initializing ExecutorService  'taskExecutor'
2017-02-10 14:13:58.503  INFO 21926 --- [main] com.sashqua.pipeline.Application         : Starting Application on sashqua with PID 21926 (/home/sashqua/workspace/Pipeline/target/classes started by sashqua in /home/sashqua/workspace/Pipeline)
2017-02-10 14:13:58.546  INFO 21926 --- [main] com.sashqua.pipeline.Application         : The following profiles are active: dev
2017-02-10 14:13:59.193  INFO 21926 --- [main] ationConfigEmbeddedWebApplicationContext : Refreshing org.springframework.boot.context.embedded.AnnotationConfigEmbeddedWebApplicationContext@3b35a229: startup date [Fri Feb 10 14:13:59 MSK 2017]; root of context hierarchy
2017-02-10 14:14:05.352  INFO 21926 --- [main] trationDelegate$BeanPostProcessorChecker : Bean 'org.springframework.transaction.annotation.ProxyTransactionManagementConfiguration' of type [class org.springframework.transaction.annotation.ProxyTransactionManagementConfiguration$$EnhancerBySpringCGLIB$$e8840d3e] is not eligible for getting processed by all BeanPostProcessors (for example: not eligible for auto-proxying)
2017-02-10 14:14:08.195  INFO 21926 --- [main] s.b.c.e.t.TomcatEmbeddedServletContainer : Tomcat initialized with port(s): 8080 (http)
2017-02-10 14:14:08.306  INFO 21926 --- [main] o.apache.catalina.core.StandardService   : Starting service Tomcat
2017-02-10 14:14:08.309  INFO 21926 --- [main] org.apache.catalina.core.StandardEngine  : Starting Servlet Engine: Apache Tomcat/8.5.6
2017-02-10 14:14:09.154  INFO 21926 --- [localhost-startStop-1] o.a.c.c.C.[Tomcat].[localhost].[/]       : Initializing Spring embedded WebApplicationContext
2017-02-10 14:14:09.587  INFO 21926 --- [localhost-startStop-1] o.s.b.w.servlet.ServletRegistrationBean  : Mapping servlet: 'dispatcherServlet' to [/]
2017-02-10 14:14:09.600  INFO 21926 --- [localhost-startStop-1] o.s.b.w.servlet.FilterRegistrationBean   : Mapping filter: 'characterEncodingFilter' to: [/*]
2017-02-10 14:14:09.601  INFO 21926 --- [localhost-startStop-1] o.s.b.w.servlet.FilterRegistrationBean   : Mapping filter: 'hiddenHttpMethodFilter' to: [/*]
2017-02-10 14:14:09.601  INFO 21926 --- [localhost-startStop-1] o.s.b.w.servlet.FilterRegistrationBean   : Mapping filter: 'httpPutFormContentFilter' to: [/*]
2017-02-10 14:14:09.601  INFO 21926 --- [localhost-startStop-1] o.s.b.w.servlet.FilterRegistrationBean   : Mapping filter: 'requestContextFilter' to: [/*]
2017-02-10 14:14:10.603  INFO 21926 --- [main] j.LocalContainerEntityManagerFactoryBean : Building JPA container EntityManagerFactory for persistence unit 'default'
2017-02-10 14:14:13.411  INFO 21926 --- [main] j.LocalContainerEntityManagerFactoryBean : Initialized JPA EntityManagerFactory for persistence unit 'default'
2017-02-10 14:14:16.692  INFO 21926 --- [main] o.s.j.e.a.AnnotationMBeanExporter        : Registering beans for JMX exposure on startup
2017-02-10 14:14:16.815  INFO 21926 --- [main] s.b.c.e.t.TomcatEmbeddedServletContainer : Tomcat started on port(s): 8080 (http)
2017-02-10 14:14:16.835  INFO 21926 --- [main] com.sashqua.pipeline.Application         : Started Application in 20.526 seconds (JVM running for 21.635)
2017-02-10 14:14:22.322  INFO 21926 --- [http-nio-8080-exec-1] o.a.c.c.C.[Tomcat].[localhost].[/]       : Initializing Spring FrameworkServlet 'dispatcherServlet'
2017-02-10 14:14:22.739  INFO 21926 --- [http-nio-8080-exec-1] s.c.a.AnnotationConfigApplicationContext : Refreshing org.springframework.context.annotation.AnnotationConfigApplicationContext@3dcc79f8: startup date [Fri Feb 10 14:14:22 MSK 2017]; root of context hierarchy
2017-02-10 14:14:22.836  INFO 21926 --- [http-nio-8080-exec-1] o.s.s.concurrent.ThreadPoolTaskExecutor  : Initializing ExecutorService  'taskExecutor'
2017-02-10 14:14:24.996  INFO 21926 --- [http-nio-8080-exec-1] c.s.p.controller.ExecutionController     : Execution completed at Fri Feb 10 14:14:24 MSK 2017 With status: COMPLETED
2017-02-10 14:16:31.102  INFO 22192 --- [main] com.sashqua.pipeline.Application         : Starting Application on sashqua with PID 22192 (/home/sashqua/workspace/Pipeline/target/classes started by sashqua in /home/sashqua/workspace/Pipeline)
2017-02-10 14:16:31.117  INFO 22192 --- [main] com.sashqua.pipeline.Application         : The following profiles are active: dev
2017-02-10 14:16:31.392  INFO 22192 --- [main] ationConfigEmbeddedWebApplicationContext : Refreshing org.springframework.boot.context.embedded.AnnotationConfigEmbeddedWebApplicationContext@3b35a229: startup date [Fri Feb 10 14:16:31 MSK 2017]; root of context hierarchy
2017-02-10 14:16:35.806  INFO 22192 --- [main] trationDelegate$BeanPostProcessorChecker : Bean 'org.springframework.transaction.annotation.ProxyTransactionManagementConfiguration' of type [class org.springframework.transaction.annotation.ProxyTransactionManagementConfiguration$$EnhancerBySpringCGLIB$$a7aa3563] is not eligible for getting processed by all BeanPostProcessors (for example: not eligible for auto-proxying)
2017-02-10 14:16:36.792  INFO 22192 --- [main] s.b.c.e.t.TomcatEmbeddedServletContainer : Tomcat initialized with port(s): 8080 (http)
2017-02-10 14:16:36.838  INFO 22192 --- [main] o.apache.catalina.core.StandardService   : Starting service Tomcat
2017-02-10 14:16:36.851  INFO 22192 --- [main] org.apache.catalina.core.StandardEngine  : Starting Servlet Engine: Apache Tomcat/8.5.6
2017-02-10 14:16:37.172  INFO 22192 --- [localhost-startStop-1] o.a.c.c.C.[Tomcat].[localhost].[/]       : Initializing Spring embedded WebApplicationContext
2017-02-10 14:16:37.805  INFO 22192 --- [localhost-startStop-1] o.s.b.w.servlet.ServletRegistrationBean  : Mapping servlet: 'dispatcherServlet' to [/]
2017-02-10 14:16:37.841  INFO 22192 --- [localhost-startStop-1] o.s.b.w.servlet.FilterRegistrationBean   : Mapping filter: 'characterEncodingFilter' to: [/*]
2017-02-10 14:16:37.845  INFO 22192 --- [localhost-startStop-1] o.s.b.w.servlet.FilterRegistrationBean   : Mapping filter: 'hiddenHttpMethodFilter' to: [/*]
2017-02-10 14:16:37.845  INFO 22192 --- [localhost-startStop-1] o.s.b.w.servlet.FilterRegistrationBean   : Mapping filter: 'httpPutFormContentFilter' to: [/*]
2017-02-10 14:16:37.846  INFO 22192 --- [localhost-startStop-1] o.s.b.w.servlet.FilterRegistrationBean   : Mapping filter: 'requestContextFilter' to: [/*]
2017-02-10 14:16:39.032  INFO 22192 --- [main] j.LocalContainerEntityManagerFactoryBean : Building JPA container EntityManagerFactory for persistence unit 'default'
2017-02-10 14:16:41.229  INFO 22192 --- [main] j.LocalContainerEntityManagerFactoryBean : Initialized JPA EntityManagerFactory for persistence unit 'default'
2017-02-10 14:16:44.419  INFO 22192 --- [main] o.s.j.e.a.AnnotationMBeanExporter        : Registering beans for JMX exposure on startup
2017-02-10 14:16:44.521  INFO 22192 --- [main] s.b.c.e.t.TomcatEmbeddedServletContainer : Tomcat started on port(s): 8080 (http)
2017-02-10 14:16:44.531  INFO 22192 --- [main] com.sashqua.pipeline.Application         : Started Application in 14.855 seconds (JVM running for 15.96)
2017-02-10 14:16:45.459  INFO 22192 --- [http-nio-8080-exec-1] o.a.c.c.C.[Tomcat].[localhost].[/]       : Initializing Spring FrameworkServlet 'dispatcherServlet'
2017-02-10 14:16:46.033  INFO 22192 --- [http-nio-8080-exec-1] c.s.p.controller.ExecutionController     : Execution started at Fri Feb 10 14:16:45 MSK 2017
2017-02-10 14:16:46.048  INFO 22192 --- [http-nio-8080-exec-1] s.c.a.AnnotationConfigApplicationContext : Refreshing org.springframework.context.annotation.AnnotationConfigApplicationContext@10aacaf3: startup date [Fri Feb 10 14:16:46 MSK 2017]; root of context hierarchy
2017-02-10 14:16:46.150  INFO 22192 --- [http-nio-8080-exec-1] o.s.s.concurrent.ThreadPoolTaskExecutor  : Initializing ExecutorService  'taskExecutor'
2017-02-10 14:16:46.218  INFO 22192 --- [http-nio-8080-exec-1] c.s.p.controller.ExecutionController     : Task started at 2017-02-10 14:14:22.89
2017-02-10 14:16:46.224  INFO 22192 --- [http-nio-8080-exec-1] c.s.p.controller.ExecutionController     : Task completed at Fri Feb 10 14:16:46 MSK 2017 With status: COMPLETED
2017-02-10 14:16:46.224  INFO 22192 --- [http-nio-8080-exec-1] c.s.p.controller.ExecutionController     : Task started at 2017-02-10 14:14:22.897
2017-02-10 14:16:47.229  INFO 22192 --- [http-nio-8080-exec-1] c.s.p.controller.ExecutionController     : Task completed at Fri Feb 10 14:16:47 MSK 2017 With status: FAILED
2017-02-10 14:16:47.306  INFO 22192 --- [http-nio-8080-exec-1] c.s.p.controller.ExecutionController     : Execution completed at Fri Feb 10 14:16:47 MSK 2017 With status: FAILED
2017-02-10 14:18:34.162  INFO 22449 --- [main] com.sashqua.pipeline.Application         : Starting Application on sashqua with PID 22449 (/home/sashqua/workspace/Pipeline/target/classes started by sashqua in /home/sashqua/workspace/Pipeline)
2017-02-10 14:18:34.171  INFO 22449 --- [main] com.sashqua.pipeline.Application         : The following profiles are active: dev
2017-02-10 14:18:34.472  INFO 22449 --- [main] ationConfigEmbeddedWebApplicationContext : Refreshing org.springframework.boot.context.embedded.AnnotationConfigEmbeddedWebApplicationContext@3b35a229: startup date [Fri Feb 10 14:18:34 MSK 2017]; root of context hierarchy
2017-02-10 14:18:37.966  INFO 22449 --- [main] trationDelegate$BeanPostProcessorChecker : Bean 'org.springframework.transaction.annotation.ProxyTransactionManagementConfiguration' of type [class org.springframework.transaction.annotation.ProxyTransactionManagementConfiguration$$EnhancerBySpringCGLIB$$a5de8a00] is not eligible for getting processed by all BeanPostProcessors (for example: not eligible for auto-proxying)
2017-02-10 14:18:38.798  INFO 22449 --- [main] s.b.c.e.t.TomcatEmbeddedServletContainer : Tomcat initialized with port(s): 8080 (http)
2017-02-10 14:18:38.819  INFO 22449 --- [main] o.apache.catalina.core.StandardService   : Starting service Tomcat
2017-02-10 14:18:38.820  INFO 22449 --- [main] org.apache.catalina.core.StandardEngine  : Starting Servlet Engine: Apache Tomcat/8.5.6
2017-02-10 14:18:38.971  INFO 22449 --- [localhost-startStop-1] o.a.c.c.C.[Tomcat].[localhost].[/]       : Initializing Spring embedded WebApplicationContext
2017-02-10 14:18:39.257  INFO 22449 --- [localhost-startStop-1] o.s.b.w.servlet.ServletRegistrationBean  : Mapping servlet: 'dispatcherServlet' to [/]
2017-02-10 14:18:39.263  INFO 22449 --- [localhost-startStop-1] o.s.b.w.servlet.FilterRegistrationBean   : Mapping filter: 'characterEncodingFilter' to: [/*]
2017-02-10 14:18:39.264  INFO 22449 --- [localhost-startStop-1] o.s.b.w.servlet.FilterRegistrationBean   : Mapping filter: 'hiddenHttpMethodFilter' to: [/*]
2017-02-10 14:18:39.264  INFO 22449 --- [localhost-startStop-1] o.s.b.w.servlet.FilterRegistrationBean   : Mapping filter: 'httpPutFormContentFilter' to: [/*]
2017-02-10 14:18:39.266  INFO 22449 --- [localhost-startStop-1] o.s.b.w.servlet.FilterRegistrationBean   : Mapping filter: 'requestContextFilter' to: [/*]
2017-02-10 14:18:39.908  INFO 22449 --- [main] j.LocalContainerEntityManagerFactoryBean : Building JPA container EntityManagerFactory for persistence unit 'default'
2017-02-10 14:18:42.181  INFO 22449 --- [main] j.LocalContainerEntityManagerFactoryBean : Initialized JPA EntityManagerFactory for persistence unit 'default'
2017-02-10 14:18:44.719  INFO 22449 --- [main] o.s.j.e.a.AnnotationMBeanExporter        : Registering beans for JMX exposure on startup
2017-02-10 14:18:44.812  INFO 22449 --- [main] s.b.c.e.t.TomcatEmbeddedServletContainer : Tomcat started on port(s): 8080 (http)
2017-02-10 14:18:44.818  INFO 22449 --- [main] com.sashqua.pipeline.Application         : Started Application in 12.192 seconds (JVM running for 13.353)
2017-02-10 14:18:51.744  INFO 22449 --- [http-nio-8080-exec-1] o.a.c.c.C.[Tomcat].[localhost].[/]       : Initializing Spring FrameworkServlet 'dispatcherServlet'
2017-02-10 14:18:52.278  INFO 22449 --- [http-nio-8080-exec-1] c.s.p.controller.ExecutionController     : Execution of pipeline Sample pipeline started at Fri Feb 10 14:18:51 MSK 2017
2017-02-10 14:18:52.282  INFO 22449 --- [http-nio-8080-exec-1] s.c.a.AnnotationConfigApplicationContext : Refreshing org.springframework.context.annotation.AnnotationConfigApplicationContext@227adb80: startup date [Fri Feb 10 14:18:52 MSK 2017]; root of context hierarchy
2017-02-10 14:18:52.351  INFO 22449 --- [http-nio-8080-exec-1] o.s.s.concurrent.ThreadPoolTaskExecutor  : Initializing ExecutorService  'taskExecutor'
2017-02-10 14:18:52.384  INFO 22449 --- [http-nio-8080-exec-1] c.s.p.controller.ExecutionController     : Task Build started at 2017-02-10 14:16:46.219
2017-02-10 14:18:52.389  INFO 22449 --- [http-nio-8080-exec-1] c.s.p.controller.ExecutionController     : Task Build completed at Fri Feb 10 14:18:52 MSK 2017 With status: COMPLETED
2017-02-10 14:18:52.390  INFO 22449 --- [http-nio-8080-exec-1] c.s.p.controller.ExecutionController     : Task Test started at 2017-02-10 14:16:46.224
2017-02-10 14:18:53.399  INFO 22449 --- [http-nio-8080-exec-1] c.s.p.controller.ExecutionController     : Task Test completed at Fri Feb 10 14:18:53 MSK 2017 With status: FAILED
2017-02-10 14:18:53.451  INFO 22449 --- [http-nio-8080-exec-1] c.s.p.controller.ExecutionController     : Execution of pipeline Sample pipelinecompleted at Fri Feb 10 14:18:53 MSK 2017 With status: FAILED
